


ARM Macro Assembler    Page 1 


    1 00000000                 AREA             ONEZERO, CODE, READONLY
    2 00000000         ENTRY
    3 00000000         START
    4 00000000 E3A02000        MOV              R2,#0
    5 00000004 E3A03000        MOV              R3,#0
    6 00000008 E3A07002        MOV              R7,#2
    7 0000000C E59F6038        LDR              R6,=VALUE
    8 00000010         LOOP
    9 00000010 E3A01020        MOV              R1,#32
   10 00000014 E4960004        LDR              R0,[R6],#4
   11 00000018         
   12 00000018         LOOP0
   13 00000018 E1B000E0        MOVS             R0,R0,ROR #1
   14 0000001C 8A000001        BHI              ONES
   15 00000020         
   16 00000020         ZEROS
   17 00000020 E2833001        ADD              R3,R3,#1
   18 00000024 EA000000        B                LOOP1
   19 00000028         
   20 00000028         ONES
   21 00000028 E2822001        ADD              R2,R2,#1
   22 0000002C         
   23 0000002C         LOOP1
   24 0000002C E2511001        SUBS             R1,R1,#1
   25 00000030 1AFFFFF8        BNE              LOOP0
   26 00000034         
   27 00000034 E2577001        SUBS             R7,R7,#1
   28 00000038 E3570000        CMP              R7,#0
   29 0000003C 1AFFFFF3        BNE              LOOP
   30 00000040 EAFFFFFE 
                       STOP    B                STOP
   31 00000044         
   32 00000044 11112222 
              01948612 VALUE   DCD              0X11112222,0X01948612
   33 0000004C                 END
              00000000 
Command Line: --debug --xref --apcs=interwork --depend=.\program6.d -o.\program
6.o -IC:\Keil\ARM\RV31\INC -IC:\Keil\ARM\CMSIS\Include -IC:\Keil\ARM\Inc\Philip
s --predefine="__EVAL SETA 1" --list=.\program6.lst Program6.asm



ARM Macro Assembler    Page 1 Alphabetic symbol ordering
Relocatable symbols

ENTRY 00000000

Symbol: ENTRY
   Definitions
      At line 2 in file Program6.asm
   Uses
      None
Comment: ENTRY unused
LOOP 00000010

Symbol: LOOP
   Definitions
      At line 8 in file Program6.asm
   Uses
      At line 29 in file Program6.asm
Comment: LOOP used once
LOOP0 00000018

Symbol: LOOP0
   Definitions
      At line 12 in file Program6.asm
   Uses
      At line 25 in file Program6.asm
Comment: LOOP0 used once
LOOP1 0000002C

Symbol: LOOP1
   Definitions
      At line 23 in file Program6.asm
   Uses
      At line 18 in file Program6.asm
Comment: LOOP1 used once
ONES 00000028

Symbol: ONES
   Definitions
      At line 20 in file Program6.asm
   Uses
      At line 14 in file Program6.asm
Comment: ONES used once
ONEZERO 00000000

Symbol: ONEZERO
   Definitions
      At line 1 in file Program6.asm
   Uses
      None
Comment: ONEZERO unused
START 00000000

Symbol: START
   Definitions
      At line 3 in file Program6.asm
   Uses
      None
Comment: START unused
STOP 00000040

Symbol: STOP



ARM Macro Assembler    Page 2 Alphabetic symbol ordering
Relocatable symbols

   Definitions
      At line 30 in file Program6.asm
   Uses
      At line 30 in file Program6.asm
Comment: STOP used once
VALUE 00000044

Symbol: VALUE
   Definitions
      At line 32 in file Program6.asm
   Uses
      At line 7 in file Program6.asm
Comment: VALUE used once
ZEROS 00000020

Symbol: ZEROS
   Definitions
      At line 16 in file Program6.asm
   Uses
      None
Comment: ZEROS unused
10 symbols
343 symbols in table
