


ARM Macro Assembler    Page 1 


    1 00000000                 AREA             DECENDING ,CODE,READONLY
    2 00000000         ENTRY
    3 00000000         START
    4 00000000 E3A08004        MOV              R8,#4
    5 00000004 E59F2070        LDR              R2,=CVALUE
    6 00000008 E59F3070        LDR              R3,=DVALUE
    7 0000000C         
    8 0000000C         LOOP0
    9 0000000C E4921004        LDR              R1,[R2],#4
   10 00000010 E5831000        STR              R1,[R3]
   11 00000014 E2588001        SUBS             R8,R8,#1
   12 00000018 E3580000        CMP              R8,#0
   13 0000001C 1AFFFFFA        BNE              LOOP0
   14 00000020         
   15 00000020         START1
   16 00000020 E3A05003        MOV              R5,#3
   17 00000024 E3A03000        MOV              R3,#0
   18 00000028 E59F2050        LDR              R2,=DVALUE
   19 0000002C         
   20 0000002C         LOOP
   21 0000002C E4912004        LDR              R2,[R1],#4
   22 00000030 E5913000        LDR              R3,[R1]
   23 00000034 E1520003        CMP              R2,R3
   24 00000038 CA000003        BGT              LOOP2
   25 0000003C E4812004        STR              R2,[R1],#4
   26 00000040 E5813000        STR              R3,[R1]
   27 00000044 E3A07001        MOV              R7,#1
   28 00000048 E2811004        ADD              R1,#4
   29 0000004C         
   30 0000004C         LOOP2
   31 0000004C E2555005        SUBS             R5,R5,#5
   32 00000050 E3550000        CMP              R5,#0
   33 00000054 1AFFFFF4        BNE              LOOP
   34 00000058 E3570000        CMP              R7,#0
   35 0000005C 1AFFFFEF        BNE              START1
   36 00000060 E1A00000        NOP
   37 00000064 E1A00000        NOP
   38 00000068 E1A00000        NOP
   39 0000006C         
   40 0000006C         CVALUE
   41 0000006C 44444444        DCD              0x44444444
   42 00000070 11111111        DCD              0x11111111
   43 00000074 33333333        DCD              0x33333333
   44 00000078 22222222        DCD              0x22222222
   45 0000007C 00000000 
              00000000 
              00000000         AREA             DATA1,DATA,READWRITE
   46 00000000         
   47 00000000         DVALUE
   48 00000000 00000000        DCD              0x00000000
   49 00000004                 END
Command Line: --debug --xref --apcs=interwork --depend=.\decending.d -o.\decend
ing.o -IC:\Keil\ARM\RV31\INC -IC:\Keil\ARM\CMSIS\Include -IC:\Keil\ARM\Inc\Phil
ips --predefine="__EVAL SETA 1" --list=.\decending.lst decending.asm



ARM Macro Assembler    Page 1 Alphabetic symbol ordering
Relocatable symbols

CVALUE 0000006C

Symbol: CVALUE
   Definitions
      At line 40 in file decending.asm
   Uses
      At line 5 in file decending.asm
Comment: CVALUE used once
DECENDING 00000000

Symbol: DECENDING
   Definitions
      At line 1 in file decending.asm
   Uses
      None
Comment: DECENDING unused
ENTRY 00000000

Symbol: ENTRY
   Definitions
      At line 2 in file decending.asm
   Uses
      None
Comment: ENTRY unused
LOOP 0000002C

Symbol: LOOP
   Definitions
      At line 20 in file decending.asm
   Uses
      At line 33 in file decending.asm
Comment: LOOP used once
LOOP0 0000000C

Symbol: LOOP0
   Definitions
      At line 8 in file decending.asm
   Uses
      At line 13 in file decending.asm
Comment: LOOP0 used once
LOOP2 0000004C

Symbol: LOOP2
   Definitions
      At line 30 in file decending.asm
   Uses
      At line 24 in file decending.asm
Comment: LOOP2 used once
START 00000000

Symbol: START
   Definitions
      At line 3 in file decending.asm
   Uses
      None
Comment: START unused
START1 00000020

Symbol: START1



ARM Macro Assembler    Page 2 Alphabetic symbol ordering
Relocatable symbols

   Definitions
      At line 15 in file decending.asm
   Uses
      At line 35 in file decending.asm
Comment: START1 used once
8 symbols



ARM Macro Assembler    Page 1 Alphabetic symbol ordering
Relocatable symbols

DATA1 00000000

Symbol: DATA1
   Definitions
      At line 45 in file decending.asm
   Uses
      None
Comment: DATA1 unused
DVALUE 00000000

Symbol: DVALUE
   Definitions
      At line 47 in file decending.asm
   Uses
      At line 6 in file decending.asm
      At line 18 in file decending.asm

2 symbols
343 symbols in table
