


ARM Macro Assembler    Page 1 


    1 00000000                 AREA             ASSCENDING,CODE,READONLY
    2 00000000         ENTRY
    3 00000000         START
    4 00000000 E3A08004        MOV              R8,#4
    5 00000004 E59F2070        LDR              R2,=CVALUE
    6 00000008 E59F306C        LDR              R3,=CVALUE
    7 0000000C         
    8 0000000C         LOOP0
    9 0000000C E4921004        LDR              R1,[R2],#4
   10 00000010 E4831004        STR              R1,[R3],#4
   11 00000014         
   12 00000014 E2588001        SUBS             R8,R8,#1
   13 00000018 E3580000        CMP              R8,#0
   14 0000001C 1AFFFFFA        BNE              LOOP0
   15 00000020         
   16 00000020 E3A05004 
                       START1  MOV              R5,#4
   17 00000024 E3A07000        MOV              R7,#0
   18 00000028 E59F1050        LDR              R1,=DVALUE
   19 0000002C         
   20 0000002C E4912004 
                       LOOP    LDR              R2,[R1],#4
   21 00000030 E5913000        LDR              R3,[R1]
   22 00000034 E1520003        CMP              R2,R3
   23 00000038 BA000003        BLT              LOOP2
   24 0000003C E4012004        STR              R2,[R1],#-4
   25 00000040 E5813000        STR              R3,[R1]
   26 00000044 E3A07001        MOV              R7,#1
   27 00000048 E2811004        ADD              R1,#4
   28 0000004C         
   29 0000004C         LOOP2
   30 0000004C E2555001        SUBS             R5,R5,#1
   31 00000050 E3550000        CMP              R5,#0
   32 00000054 1AFFFFF4        BNE              LOOP
   33 00000058         
   34 00000058 E3570000        CMP              R7,#0
   35 0000005C 1AFFFFEF        BNE              START1
   36 00000060 E1A00000        NOP
   37 00000064 E1A00000        NOP
   38 00000068 E1A00000        NOP
   39 0000006C         CVALUE
   40 0000006C 44444444        DCD              0x44444444
   41 00000070 11111111        DCD              0x11111111
   42 00000074 33333333        DCD              0x33333333
   43 00000078 22222222        DCD              0x22222222
   44 0000007C 00000000 
              00000000 
              00000000         AREA             DATA1,DATA,READWRITE
   45 00000000         
   46 00000000         DVALUE
   47 00000000 00000000        DCD              0x00000000
   48 00000004                 END
Command Line: --debug --xref --apcs=interwork --depend=.\assecending.d -o.\asse
cending.o -IC:\Keil\ARM\RV31\INC -IC:\Keil\ARM\CMSIS\Include -IC:\Keil\ARM\Inc\
Philips --predefine="__EVAL SETA 1" --list=.\assecending.lst assecending.ASM



ARM Macro Assembler    Page 1 Alphabetic symbol ordering
Relocatable symbols

ASSCENDING 00000000

Symbol: ASSCENDING
   Definitions
      At line 1 in file assecending.ASM
   Uses
      None
Comment: ASSCENDING unused
CVALUE 0000006C

Symbol: CVALUE
   Definitions
      At line 39 in file assecending.ASM
   Uses
      At line 5 in file assecending.ASM
      At line 6 in file assecending.ASM

ENTRY 00000000

Symbol: ENTRY
   Definitions
      At line 2 in file assecending.ASM
   Uses
      None
Comment: ENTRY unused
LOOP 0000002C

Symbol: LOOP
   Definitions
      At line 20 in file assecending.ASM
   Uses
      At line 32 in file assecending.ASM
Comment: LOOP used once
LOOP0 0000000C

Symbol: LOOP0
   Definitions
      At line 8 in file assecending.ASM
   Uses
      At line 14 in file assecending.ASM
Comment: LOOP0 used once
LOOP2 0000004C

Symbol: LOOP2
   Definitions
      At line 29 in file assecending.ASM
   Uses
      At line 23 in file assecending.ASM
Comment: LOOP2 used once
START 00000000

Symbol: START
   Definitions
      At line 3 in file assecending.ASM
   Uses
      None
Comment: START unused
START1 00000020




ARM Macro Assembler    Page 2 Alphabetic symbol ordering
Relocatable symbols

Symbol: START1
   Definitions
      At line 16 in file assecending.ASM
   Uses
      At line 35 in file assecending.ASM
Comment: START1 used once
8 symbols



ARM Macro Assembler    Page 1 Alphabetic symbol ordering
Relocatable symbols

DATA1 00000000

Symbol: DATA1
   Definitions
      At line 44 in file assecending.ASM
   Uses
      None
Comment: DATA1 unused
DVALUE 00000000

Symbol: DVALUE
   Definitions
      At line 46 in file assecending.ASM
   Uses
      At line 18 in file assecending.ASM
Comment: DVALUE used once
2 symbols
343 symbols in table
